<?xml version="1.0" encoding="UTF-8"?>
<testsuite xmlns:xsi="http://www.w3.org/2001/XMLSchema-instance" xsi:noNamespaceSchemaLocation="https://maven.apache.org/surefire/maven-surefire-plugin/xsd/surefire-test-report-3.0.xsd" version="3.0" name="org.springframework.samples.petclinic.vet.VetControllerTests" time="13.27" tests="2" errors="0" skipped="0" failures="0">
  <properties>
[...]
</properties>
  <testcase name="testShowVetListHtml" classname="org.springframework.samples.petclinic.vet.VetControllerTests" time="2.119">
    <system-out><![CDATA[01:53:13.230 [main] INFO org.springframework.test.context.support.AnnotationConfigContextLoaderUtils -- Could not detect default configuration classes for test class [org.springframework.samples.petclinic.vet.VetControllerTests]: VetControllerTests does not declare any static, non-private, non-final, nested classes annotated with @Configuration.
01:53:13.924 [main] INFO org.springframework.boot.test.context.SpringBootTestContextBootstrapper -- Found @SpringBootConfiguration org.springframework.samples.petclinic.PetClinicApplication for test class org.springframework.samples.petclinic.vet.VetControllerTests


              |\      _,,,--,,_
             /,`.-'`'   ._  \-;;,_
  _______ __|,4-  ) )_   .;.(__`'-'__     ___ __    _ ___ _______
 |       | '---''(_/._)-'(_\_)   |   |   |   |  |  | |   |       |
 |    _  |    ___|_     _|       |   |   |   |   |_| |   |       | __ _ _
 |   |_| |   |___  |   | |       |   |   |   |       |   |       | \ \ \ \
 |    ___|    ___| |   | |      _|   |___|   |  _    |   |      _|  \ \ \ \
 |   |   |   |___  |   | |     |_|       |   | | |   |   |     |_    ) ) ) )
 |___|   |_______| |___| |_______|_______|___|_|  |__|___|_______|  / / / /
 ==================================================================/_/_/_/

:: Built with Spring Boot :: 3.1.1


2023-07-06T01:53:15.194-05:00  INFO 13547 --- [           main] o.s.s.petclinic.vet.VetControllerTests   : Starting VetControllerTests using Java 17.0.6 with PID 13547 (started by root in /home/lakshmi/learn/Pet/spring-petclinic)
2023-07-06T01:53:15.197-05:00  INFO 13547 --- [           main] o.s.s.petclinic.vet.VetControllerTests   : No active profile set, falling back to 1 default profile: "default"
2023-07-06T01:53:22.988-05:00  INFO 13547 --- [           main] o.s.b.t.m.w.SpringBootMockServletContext : Initializing Spring TestDispatcherServlet ''
2023-07-06T01:53:22.990-05:00  INFO 13547 --- [           main] o.s.t.web.servlet.TestDispatcherServlet  : Initializing Servlet ''
2023-07-06T01:53:22.993-05:00  INFO 13547 --- [           main] o.s.t.web.servlet.TestDispatcherServlet  : Completed initialization in 3 ms
2023-07-06T01:53:23.134-05:00  INFO 13547 --- [           main] o.s.s.petclinic.vet.VetControllerTests   : Started VetControllerTests in 8.986 seconds (process running for 12.299)
]]></system-out>
  </testcase>
  <testcase name="testShowResourcesVetList" classname="org.springframework.samples.petclinic.vet.VetControllerTests" time="0.519"/>
</testsuite>